2014/10/30 15:01:11 [error] [exception.CHttpException.404] exception 'CHttpException' with message 'Unable to resolve the request "user/admin".' in Z:\home\localhost\www\yii-1.1.15\framework\web\CWebApplication.php:286
Stack trace:
#0 Z:\home\localhost\www\yii-1.1.15\framework\web\CWebApplication.php(141): CWebApplication->runController('user/admin')
#1 Z:\home\localhost\www\yii-1.1.15\framework\base\CApplication.php(180): CWebApplication->processRequest()
#2 Z:\home\localhost\www\cards\index.php(13): CApplication->run()
#3 {main}
REQUEST_URI=/cards/index.php?r=user/admin
---
2014/11/01 16:12:30 [error] [exception.CHttpException.400] exception 'CHttpException' with message 'Your request is invalid.' in Z:\home\localhost\www\yii-1.1.15\framework\web\CController.php:336
Stack trace:
#0 Z:\home\localhost\www\yii-1.1.15\framework\web\CController.php(309): CController->invalidActionParams(Object(CInlineAction))
#1 Z:\home\localhost\www\yii-1.1.15\framework\web\filters\CFilterChain.php(133): CController->runAction(Object(CInlineAction))
#2 Z:\home\localhost\www\yii-1.1.15\framework\web\filters\CFilter.php(40): CFilterChain->run()
#3 Z:\home\localhost\www\yii-1.1.15\framework\web\CController.php(1145): CFilter->filter(Object(CFilterChain))
#4 Z:\home\localhost\www\yii-1.1.15\framework\web\filters\CInlineFilter.php(58): CController->filterAccessControl(Object(CFilterChain))
#5 Z:\home\localhost\www\yii-1.1.15\framework\web\filters\CFilterChain.php(130): CInlineFilter->filter(Object(CFilterChain))
#6 Z:\home\localhost\www\yii-1.1.15\framework\web\CController.php(291): CFilterChain->run()
#7 Z:\home\localhost\www\yii-1.1.15\framework\web\CController.php(265): CController->runActionWithFilters(Object(CInlineAction), Array)
#8 Z:\home\localhost\www\yii-1.1.15\framework\web\CWebApplication.php(282): CController->run('view')
#9 Z:\home\localhost\www\yii-1.1.15\framework\web\CWebApplication.php(141): CWebApplication->runController('card/view')
#10 Z:\home\localhost\www\yii-1.1.15\framework\base\CApplication.php(180): CWebApplication->processRequest()
#11 Z:\home\localhost\www\cards\index.php(13): CApplication->run()
#12 {main}
REQUEST_URI=/cards/index.php?r=card/view
---
2014/11/01 16:13:01 [error] [exception.CHttpException.400] exception 'CHttpException' with message 'Your request is invalid.' in Z:\home\localhost\www\yii-1.1.15\framework\web\CController.php:336
Stack trace:
#0 Z:\home\localhost\www\yii-1.1.15\framework\web\CController.php(309): CController->invalidActionParams(Object(CInlineAction))
#1 Z:\home\localhost\www\yii-1.1.15\framework\web\filters\CFilterChain.php(133): CController->runAction(Object(CInlineAction))
#2 Z:\home\localhost\www\yii-1.1.15\framework\web\filters\CFilter.php(40): CFilterChain->run()
#3 Z:\home\localhost\www\yii-1.1.15\framework\web\CController.php(1145): CFilter->filter(Object(CFilterChain))
#4 Z:\home\localhost\www\yii-1.1.15\framework\web\filters\CInlineFilter.php(58): CController->filterAccessControl(Object(CFilterChain))
#5 Z:\home\localhost\www\yii-1.1.15\framework\web\filters\CFilterChain.php(130): CInlineFilter->filter(Object(CFilterChain))
#6 Z:\home\localhost\www\yii-1.1.15\framework\web\CController.php(291): CFilterChain->run()
#7 Z:\home\localhost\www\yii-1.1.15\framework\web\CController.php(265): CController->runActionWithFilters(Object(CInlineAction), Array)
#8 Z:\home\localhost\www\yii-1.1.15\framework\web\CWebApplication.php(282): CController->run('view')
#9 Z:\home\localhost\www\yii-1.1.15\framework\web\CWebApplication.php(141): CWebApplication->runController('card/view')
#10 Z:\home\localhost\www\yii-1.1.15\framework\base\CApplication.php(180): CWebApplication->processRequest()
#11 Z:\home\localhost\www\cards\index.php(13): CApplication->run()
#12 {main}
REQUEST_URI=/cards/index.php?r=card/view
---
2014/11/01 16:13:31 [warning] [application] Failed to set unsafe attribute "used_date" of "Card".
in Z:\home\localhost\www\cards\protected\controllers\CardController.php (72)
in Z:\home\localhost\www\cards\index.php (13)
2014/11/01 16:14:44 [warning] [application] Failed to set unsafe attribute "used_date" of "Card".
in Z:\home\localhost\www\cards\protected\controllers\CardController.php (72)
in Z:\home\localhost\www\cards\index.php (13)
2014/11/01 16:14:48 [warning] [application] Failed to set unsafe attribute "used_date" of "Card".
in Z:\home\localhost\www\cards\protected\controllers\CardController.php (72)
in Z:\home\localhost\www\cards\index.php (13)
2014/11/01 16:16:56 [warning] [application] Failed to set unsafe attribute "used_date" of "Card".
in Z:\home\localhost\www\cards\protected\controllers\CardController.php (72)
in Z:\home\localhost\www\cards\index.php (13)
2014/11/01 16:16:56 [error] [php] Object of class CJuiDatePicker could not be converted to string (Z:\home\localhost\www\cards\protected\views\card\_form.php:45)
Stack trace:
#0 Z:\home\localhost\www\yii-1.1.15\framework\web\CController.php(869): CardController->renderFile()
#1 Z:\home\localhost\www\cards\protected\views\card\create.php(18): CardController->renderPartial()
#2 Z:\home\localhost\www\yii-1.1.15\framework\web\CBaseController.php(126): require()
#3 Z:\home\localhost\www\yii-1.1.15\framework\web\CBaseController.php(95): CardController->renderInternal()
#4 Z:\home\localhost\www\yii-1.1.15\framework\web\CController.php(869): CardController->renderFile()
#5 Z:\home\localhost\www\yii-1.1.15\framework\web\CController.php(782): CardController->renderPartial()
#6 Z:\home\localhost\www\cards\protected\controllers\CardController.php(79): CardController->render()
#7 Z:\home\localhost\www\yii-1.1.15\framework\web\actions\CInlineAction.php(49): CardController->actionCreate()
#8 Z:\home\localhost\www\yii-1.1.15\framework\web\CController.php(308): CInlineAction->runWithParams()
#9 Z:\home\localhost\www\yii-1.1.15\framework\web\filters\CFilterChain.php(133): CardController->runAction()
#10 Z:\home\localhost\www\yii-1.1.15\framework\web\filters\CFilter.php(40): CFilterChain->run()
#11 Z:\home\localhost\www\yii-1.1.15\framework\web\CController.php(1145): CAccessControlFilter->filter()
#12 Z:\home\localhost\www\yii-1.1.15\framework\web\filters\CInlineFilter.php(58): CardController->filterAccessControl()
#13 Z:\home\localhost\www\yii-1.1.15\framework\web\filters\CFilterChain.php(130): CInlineFilter->filter()
#14 Z:\home\localhost\www\yii-1.1.15\framework\web\CController.php(291): CFilterChain->run()
#15 Z:\home\localhost\www\yii-1.1.15\framework\web\CController.php(265): CardController->runActionWithFilters()
#16 Z:\home\localhost\www\yii-1.1.15\framework\web\CWebApplication.php(282): CardController->run()
#17 Z:\home\localhost\www\yii-1.1.15\framework\web\CWebApplication.php(141): CWebApplication->runController()
#18 Z:\home\localhost\www\yii-1.1.15\framework\base\CApplication.php(180): CWebApplication->processRequest()
#19 Z:\home\localhost\www\cards\index.php(13): CWebApplication->run()
REQUEST_URI=/cards/index.php?r=card/create
in Z:\home\localhost\www\cards\protected\views\card\_form.php (45)
in Z:\home\localhost\www\cards\protected\views\card\create.php (18)
in Z:\home\localhost\www\cards\protected\controllers\CardController.php (79)
2014/11/01 16:24:25 [error] [php] Object of class CJuiDatePicker could not be converted to string (Z:\home\localhost\www\cards\protected\views\card\_form.php:45)
Stack trace:
#0 Z:\home\localhost\www\yii-1.1.15\framework\web\CController.php(869): CardController->renderFile()
#1 Z:\home\localhost\www\cards\protected\views\card\create.php(18): CardController->renderPartial()
#2 Z:\home\localhost\www\yii-1.1.15\framework\web\CBaseController.php(126): require()
#3 Z:\home\localhost\www\yii-1.1.15\framework\web\CBaseController.php(95): CardController->renderInternal()
#4 Z:\home\localhost\www\yii-1.1.15\framework\web\CController.php(869): CardController->renderFile()
#5 Z:\home\localhost\www\yii-1.1.15\framework\web\CController.php(782): CardController->renderPartial()
#6 Z:\home\localhost\www\cards\protected\controllers\CardController.php(79): CardController->render()
#7 Z:\home\localhost\www\yii-1.1.15\framework\web\actions\CInlineAction.php(49): CardController->actionCreate()
#8 Z:\home\localhost\www\yii-1.1.15\framework\web\CController.php(308): CInlineAction->runWithParams()
#9 Z:\home\localhost\www\yii-1.1.15\framework\web\filters\CFilterChain.php(133): CardController->runAction()
#10 Z:\home\localhost\www\yii-1.1.15\framework\web\filters\CFilter.php(40): CFilterChain->run()
#11 Z:\home\localhost\www\yii-1.1.15\framework\web\CController.php(1145): CAccessControlFilter->filter()
#12 Z:\home\localhost\www\yii-1.1.15\framework\web\filters\CInlineFilter.php(58): CardController->filterAccessControl()
#13 Z:\home\localhost\www\yii-1.1.15\framework\web\filters\CFilterChain.php(130): CInlineFilter->filter()
#14 Z:\home\localhost\www\yii-1.1.15\framework\web\CController.php(291): CFilterChain->run()
#15 Z:\home\localhost\www\yii-1.1.15\framework\web\CController.php(265): CardController->runActionWithFilters()
#16 Z:\home\localhost\www\yii-1.1.15\framework\web\CWebApplication.php(282): CardController->run()
#17 Z:\home\localhost\www\yii-1.1.15\framework\web\CWebApplication.php(141): CWebApplication->runController()
#18 Z:\home\localhost\www\yii-1.1.15\framework\base\CApplication.php(180): CWebApplication->processRequest()
#19 Z:\home\localhost\www\cards\index.php(13): CWebApplication->run()
REQUEST_URI=/cards/index.php?r=card/create
in Z:\home\localhost\www\cards\protected\views\card\_form.php (45)
in Z:\home\localhost\www\cards\protected\views\card\create.php (18)
in Z:\home\localhost\www\cards\protected\controllers\CardController.php (79)
2014/11/01 16:48:46 [error] [exception.CException] exception 'CException' with message 'Alias "ext.CJuiDateTimePicker" is invalid. Make sure it points to an existing PHP file and the file is readable.' in Z:\home\localhost\www\yii-1.1.15\framework\YiiBase.php:322
Stack trace:
#0 Z:\home\localhost\www\yii-1.1.15\framework\web\CWidgetFactory.php(146): YiiBase::import('ext.CJuiDateTim...', true)
#1 Z:\home\localhost\www\yii-1.1.15\framework\web\CBaseController.php(146): CWidgetFactory->createWidget(Object(CardController), 'ext.CJuiDateTim...', Array)
#2 Z:\home\localhost\www\yii-1.1.15\framework\web\CBaseController.php(172): CBaseController->createWidget('ext.CJuiDateTim...', Array)
#3 Z:\home\localhost\www\cards\protected\views\card\_form.php(47): CBaseController->widget('ext.CJuiDateTim...', Array)
#4 Z:\home\localhost\www\yii-1.1.15\framework\web\CBaseController.php(126): require('Z:\home\localho...')
#5 Z:\home\localhost\www\yii-1.1.15\framework\web\CBaseController.php(95): CBaseController->renderInternal('Z:\home\localho...', Array, true)
#6 Z:\home\localhost\www\yii-1.1.15\framework\web\CController.php(869): CBaseController->renderFile('Z:\home\localho...', Array, true)
#7 Z:\home\localhost\www\cards\protected\views\card\create.php(18): CController->renderPartial('_form', Array)
#8 Z:\home\localhost\www\yii-1.1.15\framework\web\CBaseController.php(126): require('Z:\home\localho...')
#9 Z:\home\localhost\www\yii-1.1.15\framework\web\CBaseController.php(95): CBaseController->renderInternal('Z:\home\localho...', Array, true)
#10 Z:\home\localhost\www\yii-1.1.15\framework\web\CController.php(869): CBaseController->renderFile('Z:\home\localho...', Array, true)
#11 Z:\home\localhost\www\yii-1.1.15\framework\web\CController.php(782): CController->renderPartial('create', Array, true)
#12 Z:\home\localhost\www\cards\protected\controllers\CardController.php(79): CController->render('create', Array)
#13 Z:\home\localhost\www\yii-1.1.15\framework\web\actions\CInlineAction.php(49): CardController->actionCreate()
#14 Z:\home\localhost\www\yii-1.1.15\framework\web\CController.php(308): CInlineAction->runWithParams(Array)
#15 Z:\home\localhost\www\yii-1.1.15\framework\web\filters\CFilterChain.php(133): CController->runAction(Object(CInlineAction))
#16 Z:\home\localhost\www\yii-1.1.15\framework\web\filters\CFilter.php(40): CFilterChain->run()
#17 Z:\home\localhost\www\yii-1.1.15\framework\web\CController.php(1145): CFilter->filter(Object(CFilterChain))
#18 Z:\home\localhost\www\yii-1.1.15\framework\web\filters\CInlineFilter.php(58): CController->filterAccessControl(Object(CFilterChain))
#19 Z:\home\localhost\www\yii-1.1.15\framework\web\filters\CFilterChain.php(130): CInlineFilter->filter(Object(CFilterChain))
#20 Z:\home\localhost\www\yii-1.1.15\framework\web\CController.php(291): CFilterChain->run()
#21 Z:\home\localhost\www\yii-1.1.15\framework\web\CController.php(265): CController->runActionWithFilters(Object(CInlineAction), Array)
#22 Z:\home\localhost\www\yii-1.1.15\framework\web\CWebApplication.php(282): CController->run('create')
#23 Z:\home\localhost\www\yii-1.1.15\framework\web\CWebApplication.php(141): CWebApplication->runController('card/create')
#24 Z:\home\localhost\www\yii-1.1.15\framework\base\CApplication.php(180): CWebApplication->processRequest()
#25 Z:\home\localhost\www\cards\index.php(13): CApplication->run()
#26 {main}
REQUEST_URI=/cards/index.php?r=card/create
HTTP_REFERER=http://localhost/cards/index.php?r=card/create
---
2014/11/01 20:21:30 [error] [exception.CException] exception 'CException' with message 'Property "Card.order_number" is not defined.' in Z:\home\localhost\www\yii-1.1.15\framework\base\CComponent.php:130
Stack trace:
#0 Z:\home\localhost\www\yii-1.1.15\framework\db\ar\CActiveRecord.php(145): CComponent->__get('order_number')
#1 Z:\home\localhost\www\yii-1.1.15\framework\web\helpers\CHtml.php(2529): CActiveRecord->__get('order_number')
#2 Z:\home\localhost\www\yii-1.1.15\framework\web\helpers\CHtml.php(2252): CHtml::resolveValue(Object(Card), 'order_number')
#3 Z:\home\localhost\www\yii-1.1.15\framework\web\helpers\CHtml.php(1434): CHtml::activeInputField('text', Object(Card), 'order_number', Array)
#4 Z:\home\localhost\www\yii-1.1.15\framework\zii\widgets\grid\CDataColumn.php(103): CHtml::activeTextField(Object(Card), 'order_number', Array)
#5 Z:\home\localhost\www\yii-1.1.15\framework\zii\widgets\grid\CGridColumn.php(116): CDataColumn->renderFilterCellContent()
#6 Z:\home\localhost\www\yii-1.1.15\framework\zii\widgets\grid\CGridView.php(532): CGridColumn->renderFilterCell()
#7 Z:\home\localhost\www\yii-1.1.15\framework\zii\widgets\grid\CGridView.php(510): CGridView->renderFilter()
#8 Z:\home\localhost\www\yii-1.1.15\framework\zii\widgets\grid\CGridView.php(480): CGridView->renderTableHeader()
#9 Z:\home\localhost\www\yii-1.1.15\framework\zii\widgets\CBaseListView.php(167): CGridView->renderItems()
#10 [internal function]: CBaseListView->renderSection(Array)
#11 Z:\home\localhost\www\yii-1.1.15\framework\zii\widgets\CBaseListView.php(150): preg_replace_callback('/{(\w+)}/', Array, '{summary}?{item...')
#12 Z:\home\localhost\www\yii-1.1.15\framework\zii\widgets\CBaseListView.php(135): CBaseListView->renderContent()
#13 Z:\home\localhost\www\yii-1.1.15\framework\web\CBaseController.php(173): CBaseListView->run()
#14 Z:\home\localhost\www\cards\protected\views\card\view.php(47): CBaseController->widget('zii.widgets.gri...', Array)
#15 Z:\home\localhost\www\yii-1.1.15\framework\web\CBaseController.php(126): require('Z:\home\localho...')
#16 Z:\home\localhost\www\yii-1.1.15\framework\web\CBaseController.php(95): CBaseController->renderInternal('Z:\home\localho...', Array, true)
#17 Z:\home\localhost\www\yii-1.1.15\framework\web\CController.php(869): CBaseController->renderFile('Z:\home\localho...', Array, true)
#18 Z:\home\localhost\www\yii-1.1.15\framework\web\CController.php(782): CController->renderPartial('view', Array, true)
#19 Z:\home\localhost\www\cards\protected\controllers\CardController.php(56): CController->render('view', Array)
#20 [internal function]: CardController->actionView('1')
#21 Z:\home\localhost\www\yii-1.1.15\framework\web\actions\CAction.php(108): ReflectionMethod->invokeArgs(Object(CardController), Array)
#22 Z:\home\localhost\www\yii-1.1.15\framework\web\actions\CInlineAction.php(47): CAction->runWithParamsInternal(Object(CardController), Object(ReflectionMethod), Array)
#23 Z:\home\localhost\www\yii-1.1.15\framework\web\CController.php(308): CInlineAction->runWithParams(Array)
#24 Z:\home\localhost\www\yii-1.1.15\framework\web\filters\CFilterChain.php(133): CController->runAction(Object(CInlineAction))
#25 Z:\home\localhost\www\yii-1.1.15\framework\web\filters\CFilter.php(40): CFilterChain->run()
#26 Z:\home\localhost\www\yii-1.1.15\framework\web\CController.php(1145): CFilter->filter(Object(CFilterChain))
#27 Z:\home\localhost\www\yii-1.1.15\framework\web\filters\CInlineFilter.php(58): CController->filterAccessControl(Object(CFilterChain))
#28 Z:\home\localhost\www\yii-1.1.15\framework\web\filters\CFilterChain.php(130): CInlineFilter->filter(Object(CFilterChain))
#29 Z:\home\localhost\www\yii-1.1.15\framework\web\CController.php(291): CFilterChain->run()
#30 Z:\home\localhost\www\yii-1.1.15\framework\web\CController.php(265): CController->runActionWithFilters(Object(CInlineAction), Array)
#31 Z:\home\localhost\www\yii-1.1.15\framework\web\CWebApplication.php(282): CController->run('view')
#32 Z:\home\localhost\www\yii-1.1.15\framework\web\CWebApplication.php(141): CWebApplication->runController('card/view')
#33 Z:\home\localhost\www\yii-1.1.15\framework\base\CApplication.php(180): CWebApplication->processRequest()
#34 Z:\home\localhost\www\cards\index.php(13): CApplication->run()
#35 {main}
REQUEST_URI=/cards/index.php?r=card/view&id=1
HTTP_REFERER=http://localhost/cards/index.php?r=card/update&id=1
---
2014/11/01 20:41:26 [error] [exception.CHttpException.404] exception 'CHttpException' with message 'Unable to resolve the request "orde".' in Z:\home\localhost\www\yii-1.1.15\framework\web\CWebApplication.php:286
Stack trace:
#0 Z:\home\localhost\www\yii-1.1.15\framework\web\CWebApplication.php(141): CWebApplication->runController('orde')
#1 Z:\home\localhost\www\yii-1.1.15\framework\base\CApplication.php(180): CWebApplication->processRequest()
#2 Z:\home\localhost\www\cards\index.php(13): CApplication->run()
#3 {main}
REQUEST_URI=/cards/index.php?r=orde
---
2014/11/01 21:22:32 [error] [exception.CHttpException.403] exception 'CHttpException' with message 'You are not authorized to perform this action.' in Z:\home\localhost\www\yii-1.1.15\framework\web\auth\CAccessControlFilter.php:182
Stack trace:
#0 Z:\home\localhost\www\yii-1.1.15\framework\web\auth\CAccessControlFilter.php(145): CAccessControlFilter->accessDenied(Object(CWebUser), 'You are not aut...')
#1 Z:\home\localhost\www\yii-1.1.15\framework\web\filters\CFilter.php(38): CAccessControlFilter->preFilter(Object(CFilterChain))
#2 Z:\home\localhost\www\yii-1.1.15\framework\web\CController.php(1145): CFilter->filter(Object(CFilterChain))
#3 Z:\home\localhost\www\yii-1.1.15\framework\web\filters\CInlineFilter.php(58): CController->filterAccessControl(Object(CFilterChain))
#4 Z:\home\localhost\www\yii-1.1.15\framework\web\filters\CFilterChain.php(130): CInlineFilter->filter(Object(CFilterChain))
#5 Z:\home\localhost\www\yii-1.1.15\framework\web\CController.php(291): CFilterChain->run()
#6 Z:\home\localhost\www\yii-1.1.15\framework\web\CController.php(265): CController->runActionWithFilters(Object(CInlineAction), Array)
#7 Z:\home\localhost\www\yii-1.1.15\framework\web\CWebApplication.php(282): CController->run('deactivate')
#8 Z:\home\localhost\www\yii-1.1.15\framework\web\CWebApplication.php(141): CWebApplication->runController('card/deactivate')
#9 Z:\home\localhost\www\yii-1.1.15\framework\base\CApplication.php(180): CWebApplication->processRequest()
#10 Z:\home\localhost\www\cards\index.php(13): CApplication->run()
#11 {main}
REQUEST_URI=/cards/index.php?r=card/deactivate&id=1
HTTP_REFERER=http://localhost/cards/index.php?r=card/view&id=1
---
2014/11/02 00:44:13 [error] [exception.CException] exception 'CException' with message 'Property "Card." is not defined.' in Z:\home\localhost\www\yii-1.1.15\framework\base\CComponent.php:173
Stack trace:
#0 Z:\home\localhost\www\yii-1.1.15\framework\db\ar\CActiveRecord.php(161): CComponent->__set('', 0)
#1 Z:\home\localhost\www\cards\protected\controllers\CardController.php(126): CActiveRecord->__set('', 0)
#2 [internal function]: CardController->actionDeactivate('1')
#3 Z:\home\localhost\www\yii-1.1.15\framework\web\actions\CAction.php(108): ReflectionMethod->invokeArgs(Object(CardController), Array)
#4 Z:\home\localhost\www\yii-1.1.15\framework\web\actions\CInlineAction.php(47): CAction->runWithParamsInternal(Object(CardController), Object(ReflectionMethod), Array)
#5 Z:\home\localhost\www\yii-1.1.15\framework\web\CController.php(308): CInlineAction->runWithParams(Array)
#6 Z:\home\localhost\www\yii-1.1.15\framework\web\filters\CFilterChain.php(133): CController->runAction(Object(CInlineAction))
#7 Z:\home\localhost\www\yii-1.1.15\framework\web\filters\CFilter.php(40): CFilterChain->run()
#8 Z:\home\localhost\www\yii-1.1.15\framework\web\CController.php(1145): CFilter->filter(Object(CFilterChain))
#9 Z:\home\localhost\www\yii-1.1.15\framework\web\filters\CInlineFilter.php(58): CController->filterAccessControl(Object(CFilterChain))
#10 Z:\home\localhost\www\yii-1.1.15\framework\web\filters\CFilterChain.php(130): CInlineFilter->filter(Object(CFilterChain))
#11 Z:\home\localhost\www\yii-1.1.15\framework\web\CController.php(291): CFilterChain->run()
#12 Z:\home\localhost\www\yii-1.1.15\framework\web\CController.php(265): CController->runActionWithFilters(Object(CInlineAction), Array)
#13 Z:\home\localhost\www\yii-1.1.15\framework\web\CWebApplication.php(282): CController->run('deactivate')
#14 Z:\home\localhost\www\yii-1.1.15\framework\web\CWebApplication.php(141): CWebApplication->runController('card/deactivate')
#15 Z:\home\localhost\www\yii-1.1.15\framework\base\CApplication.php(180): CWebApplication->processRequest()
#16 Z:\home\localhost\www\cards\index.php(13): CApplication->run()
#17 {main}
REQUEST_URI=/cards/index.php?r=card/deactivate&id=1
HTTP_REFERER=http://localhost/cards/index.php?r=card/view&id=1
---
2014/11/02 00:46:52 [error] [exception.CException] exception 'CException' with message 'Property "Card." is not defined.' in Z:\home\localhost\www\yii-1.1.15\framework\base\CComponent.php:173
Stack trace:
#0 Z:\home\localhost\www\yii-1.1.15\framework\db\ar\CActiveRecord.php(161): CComponent->__set('', 0)
#1 Z:\home\localhost\www\cards\protected\controllers\CardController.php(126): CActiveRecord->__set('', 0)
#2 [internal function]: CardController->actionDeactivate('1')
#3 Z:\home\localhost\www\yii-1.1.15\framework\web\actions\CAction.php(108): ReflectionMethod->invokeArgs(Object(CardController), Array)
#4 Z:\home\localhost\www\yii-1.1.15\framework\web\actions\CInlineAction.php(47): CAction->runWithParamsInternal(Object(CardController), Object(ReflectionMethod), Array)
#5 Z:\home\localhost\www\yii-1.1.15\framework\web\CController.php(308): CInlineAction->runWithParams(Array)
#6 Z:\home\localhost\www\yii-1.1.15\framework\web\filters\CFilterChain.php(133): CController->runAction(Object(CInlineAction))
#7 Z:\home\localhost\www\yii-1.1.15\framework\web\filters\CFilter.php(40): CFilterChain->run()
#8 Z:\home\localhost\www\yii-1.1.15\framework\web\CController.php(1145): CFilter->filter(Object(CFilterChain))
#9 Z:\home\localhost\www\yii-1.1.15\framework\web\filters\CInlineFilter.php(58): CController->filterAccessControl(Object(CFilterChain))
#10 Z:\home\localhost\www\yii-1.1.15\framework\web\filters\CFilterChain.php(130): CInlineFilter->filter(Object(CFilterChain))
#11 Z:\home\localhost\www\yii-1.1.15\framework\web\CController.php(291): CFilterChain->run()
#12 Z:\home\localhost\www\yii-1.1.15\framework\web\CController.php(265): CController->runActionWithFilters(Object(CInlineAction), Array)
#13 Z:\home\localhost\www\yii-1.1.15\framework\web\CWebApplication.php(282): CController->run('deactivate')
#14 Z:\home\localhost\www\yii-1.1.15\framework\web\CWebApplication.php(141): CWebApplication->runController('card/deactivate')
#15 Z:\home\localhost\www\yii-1.1.15\framework\base\CApplication.php(180): CWebApplication->processRequest()
#16 Z:\home\localhost\www\cards\index.php(13): CApplication->run()
#17 {main}
REQUEST_URI=/cards/index.php?r=card/deactivate&id=1
HTTP_REFERER=http://localhost/cards/index.php?r=card/deactivate&id=1
---
2014/11/02 00:50:05 [error] [exception.CException] exception 'CException' with message 'Property "Card." is not defined.' in Z:\home\localhost\www\yii-1.1.15\framework\base\CComponent.php:173
Stack trace:
#0 Z:\home\localhost\www\yii-1.1.15\framework\db\ar\CActiveRecord.php(161): CComponent->__set('', 0)
#1 Z:\home\localhost\www\cards\protected\controllers\CardController.php(126): CActiveRecord->__set('', 0)
#2 [internal function]: CardController->actionDeactivate('1')
#3 Z:\home\localhost\www\yii-1.1.15\framework\web\actions\CAction.php(108): ReflectionMethod->invokeArgs(Object(CardController), Array)
#4 Z:\home\localhost\www\yii-1.1.15\framework\web\actions\CInlineAction.php(47): CAction->runWithParamsInternal(Object(CardController), Object(ReflectionMethod), Array)
#5 Z:\home\localhost\www\yii-1.1.15\framework\web\CController.php(308): CInlineAction->runWithParams(Array)
#6 Z:\home\localhost\www\yii-1.1.15\framework\web\filters\CFilterChain.php(133): CController->runAction(Object(CInlineAction))
#7 Z:\home\localhost\www\yii-1.1.15\framework\web\filters\CFilter.php(40): CFilterChain->run()
#8 Z:\home\localhost\www\yii-1.1.15\framework\web\CController.php(1145): CFilter->filter(Object(CFilterChain))
#9 Z:\home\localhost\www\yii-1.1.15\framework\web\filters\CInlineFilter.php(58): CController->filterAccessControl(Object(CFilterChain))
#10 Z:\home\localhost\www\yii-1.1.15\framework\web\filters\CFilterChain.php(130): CInlineFilter->filter(Object(CFilterChain))
#11 Z:\home\localhost\www\yii-1.1.15\framework\web\CController.php(291): CFilterChain->run()
#12 Z:\home\localhost\www\yii-1.1.15\framework\web\CController.php(265): CController->runActionWithFilters(Object(CInlineAction), Array)
#13 Z:\home\localhost\www\yii-1.1.15\framework\web\CWebApplication.php(282): CController->run('deactivate')
#14 Z:\home\localhost\www\yii-1.1.15\framework\web\CWebApplication.php(141): CWebApplication->runController('card/deactivate')
#15 Z:\home\localhost\www\yii-1.1.15\framework\base\CApplication.php(180): CWebApplication->processRequest()
#16 Z:\home\localhost\www\cards\index.php(13): CApplication->run()
#17 {main}
REQUEST_URI=/cards/index.php?r=card/deactivate&id=1
HTTP_REFERER=http://localhost/cards/index.php?r=card/deactivate&id=1
---
2014/11/02 17:23:22 [error] [exception.CException] exception 'CException' with message 'Card and its behaviors do not have a method or closure named "modelDeactivate".' in Z:\home\localhost\www\yii-1.1.15\framework\base\CComponent.php:266
Stack trace:
#0 Z:\home\localhost\www\yii-1.1.15\framework\db\ar\CActiveRecord.php(227): CComponent->__call('modelDeactivate', Array)
#1 Z:\home\localhost\www\cards\protected\controllers\CardController.php(125): CActiveRecord->__call('modelDeactivate', Array)
#2 Z:\home\localhost\www\cards\protected\controllers\CardController.php(125): Card->modelDeactivate()
#3 [internal function]: CardController->actionDeactivate('1')
#4 Z:\home\localhost\www\yii-1.1.15\framework\web\actions\CAction.php(108): ReflectionMethod->invokeArgs(Object(CardController), Array)
#5 Z:\home\localhost\www\yii-1.1.15\framework\web\actions\CInlineAction.php(47): CAction->runWithParamsInternal(Object(CardController), Object(ReflectionMethod), Array)
#6 Z:\home\localhost\www\yii-1.1.15\framework\web\CController.php(308): CInlineAction->runWithParams(Array)
#7 Z:\home\localhost\www\yii-1.1.15\framework\web\filters\CFilterChain.php(133): CController->runAction(Object(CInlineAction))
#8 Z:\home\localhost\www\yii-1.1.15\framework\web\filters\CFilter.php(40): CFilterChain->run()
#9 Z:\home\localhost\www\yii-1.1.15\framework\web\CController.php(1145): CFilter->filter(Object(CFilterChain))
#10 Z:\home\localhost\www\yii-1.1.15\framework\web\filters\CInlineFilter.php(58): CController->filterAccessControl(Object(CFilterChain))
#11 Z:\home\localhost\www\yii-1.1.15\framework\web\filters\CFilterChain.php(130): CInlineFilter->filter(Object(CFilterChain))
#12 Z:\home\localhost\www\yii-1.1.15\framework\web\CController.php(291): CFilterChain->run()
#13 Z:\home\localhost\www\yii-1.1.15\framework\web\CController.php(265): CController->runActionWithFilters(Object(CInlineAction), Array)
#14 Z:\home\localhost\www\yii-1.1.15\framework\web\CWebApplication.php(282): CController->run('deactivate')
#15 Z:\home\localhost\www\yii-1.1.15\framework\web\CWebApplication.php(141): CWebApplication->runController('card/deactivate')
#16 Z:\home\localhost\www\yii-1.1.15\framework\base\CApplication.php(180): CWebApplication->processRequest()
#17 Z:\home\localhost\www\cards\index.php(13): CApplication->run()
#18 {main}
REQUEST_URI=/cards/index.php?r=card/deactivate&id=1
HTTP_REFERER=http://localhost/cards/index.php?r=card/view&id=1
---
2014/11/02 17:23:54 [error] [exception.CHttpException.404] exception 'CHttpException' with message 'The system is unable to find the requested action "deactivate".' in Z:\home\localhost\www\yii-1.1.15\framework\web\CController.php:483
Stack trace:
#0 Z:\home\localhost\www\yii-1.1.15\framework\web\CController.php(270): CController->missingAction('deactivate')
#1 Z:\home\localhost\www\yii-1.1.15\framework\web\CWebApplication.php(282): CController->run('deactivate')
#2 Z:\home\localhost\www\yii-1.1.15\framework\web\CWebApplication.php(141): CWebApplication->runController('card/deactivate')
#3 Z:\home\localhost\www\yii-1.1.15\framework\base\CApplication.php(180): CWebApplication->processRequest()
#4 Z:\home\localhost\www\cards\index.php(13): CApplication->run()
#5 {main}
REQUEST_URI=/cards/index.php?r=card/deactivate&id=1
HTTP_REFERER=http://localhost/cards/index.php?r=card/view&id=1
---
2014/11/02 17:24:02 [error] [exception.CHttpException.403] exception 'CHttpException' with message 'You are not authorized to perform this action.' in Z:\home\localhost\www\yii-1.1.15\framework\web\auth\CAccessControlFilter.php:182
Stack trace:
#0 Z:\home\localhost\www\yii-1.1.15\framework\web\auth\CAccessControlFilter.php(145): CAccessControlFilter->accessDenied(Object(CWebUser), 'You are not aut...')
#1 Z:\home\localhost\www\yii-1.1.15\framework\web\filters\CFilter.php(38): CAccessControlFilter->preFilter(Object(CFilterChain))
#2 Z:\home\localhost\www\yii-1.1.15\framework\web\CController.php(1145): CFilter->filter(Object(CFilterChain))
#3 Z:\home\localhost\www\yii-1.1.15\framework\web\filters\CInlineFilter.php(58): CController->filterAccessControl(Object(CFilterChain))
#4 Z:\home\localhost\www\yii-1.1.15\framework\web\filters\CFilterChain.php(130): CInlineFilter->filter(Object(CFilterChain))
#5 Z:\home\localhost\www\yii-1.1.15\framework\web\CController.php(291): CFilterChain->run()
#6 Z:\home\localhost\www\yii-1.1.15\framework\web\CController.php(265): CController->runActionWithFilters(Object(CInlineAction), Array)
#7 Z:\home\localhost\www\yii-1.1.15\framework\web\CWebApplication.php(282): CController->run('activate')
#8 Z:\home\localhost\www\yii-1.1.15\framework\web\CWebApplication.php(141): CWebApplication->runController('card/activate')
#9 Z:\home\localhost\www\yii-1.1.15\framework\base\CApplication.php(180): CWebApplication->processRequest()
#10 Z:\home\localhost\www\cards\index.php(13): CApplication->run()
#11 {main}
REQUEST_URI=/cards/index.php?r=card/activate&id=1
HTTP_REFERER=http://localhost/cards/index.php?r=card/view&id=1
---
2014/11/02 17:36:15 [warning] [application] Failed to set unsafe attribute "id" of "Card".
in Z:\home\localhost\www\cards\protected\controllers\CardController.php (156)
in Z:\home\localhost\www\cards\index.php (13)
2014/11/02 23:18:26 [error] [exception.CException] exception 'CException' with message 'Property "CardController.name" is not defined.' in Z:\home\localhost\www\yii-1.1.15\framework\base\CComponent.php:130
Stack trace:
#0 Z:\home\localhost\www\cards\protected\models\Code.php(80): CComponent->__get('name')
#1 Z:\home\localhost\www\cards\protected\views\card\_form.php(73): Code->search()
#2 Z:\home\localhost\www\yii-1.1.15\framework\web\CBaseController.php(126): require('Z:\home\localho...')
#3 Z:\home\localhost\www\yii-1.1.15\framework\web\CBaseController.php(95): CBaseController->renderInternal('Z:\home\localho...', Array, true)
#4 Z:\home\localhost\www\yii-1.1.15\framework\web\CController.php(869): CBaseController->renderFile('Z:\home\localho...', Array, true)
#5 Z:\home\localhost\www\cards\protected\views\card\update.php(21): CController->renderPartial('_form', Array)
#6 Z:\home\localhost\www\yii-1.1.15\framework\web\CBaseController.php(126): require('Z:\home\localho...')
#7 Z:\home\localhost\www\yii-1.1.15\framework\web\CBaseController.php(95): CBaseController->renderInternal('Z:\home\localho...', Array, true)
#8 Z:\home\localhost\www\yii-1.1.15\framework\web\CController.php(869): CBaseController->renderFile('Z:\home\localho...', Array, true)
#9 Z:\home\localhost\www\yii-1.1.15\framework\web\CController.php(782): CController->renderPartial('update', Array, true)
#10 Z:\home\localhost\www\cards\protected\controllers\CardController.php(103): CController->render('update', Array)
#11 [internal function]: CardController->actionUpdate('1')
#12 Z:\home\localhost\www\yii-1.1.15\framework\web\actions\CAction.php(108): ReflectionMethod->invokeArgs(Object(CardController), Array)
#13 Z:\home\localhost\www\yii-1.1.15\framework\web\actions\CInlineAction.php(47): CAction->runWithParamsInternal(Object(CardController), Object(ReflectionMethod), Array)
#14 Z:\home\localhost\www\yii-1.1.15\framework\web\CController.php(308): CInlineAction->runWithParams(Array)
#15 Z:\home\localhost\www\yii-1.1.15\framework\web\filters\CFilterChain.php(133): CController->runAction(Object(CInlineAction))
#16 Z:\home\localhost\www\yii-1.1.15\framework\web\filters\CFilter.php(40): CFilterChain->run()
#17 Z:\home\localhost\www\yii-1.1.15\framework\web\CController.php(1145): CFilter->filter(Object(CFilterChain))
#18 Z:\home\localhost\www\yii-1.1.15\framework\web\filters\CInlineFilter.php(58): CController->filterAccessControl(Object(CFilterChain))
#19 Z:\home\localhost\www\yii-1.1.15\framework\web\filters\CFilterChain.php(130): CInlineFilter->filter(Object(CFilterChain))
#20 Z:\home\localhost\www\yii-1.1.15\framework\web\CController.php(291): CFilterChain->run()
#21 Z:\home\localhost\www\yii-1.1.15\framework\web\CController.php(265): CController->runActionWithFilters(Object(CInlineAction), Array)
#22 Z:\home\localhost\www\yii-1.1.15\framework\web\CWebApplication.php(282): CController->run('update')
#23 Z:\home\localhost\www\yii-1.1.15\framework\web\CWebApplication.php(141): CWebApplication->runController('card/update')
#24 Z:\home\localhost\www\yii-1.1.15\framework\base\CApplication.php(180): CWebApplication->processRequest()
#25 Z:\home\localhost\www\cards\index.php(13): CApplication->run()
#26 {main}
REQUEST_URI=/cards/index.php?r=card/update&id=1
HTTP_REFERER=http://localhost/cards/index.php?r=card/view&id=1
---
2014/11/02 23:26:24 [error] [exception.CException] exception 'CException' with message 'Property "CardController.name" is not defined.' in Z:\home\localhost\www\yii-1.1.15\framework\base\CComponent.php:130
Stack trace:
#0 Z:\home\localhost\www\cards\protected\models\Code.php(80): CComponent->__get('name')
#1 Z:\home\localhost\www\cards\protected\views\card\_form.php(73): Code->search()
#2 Z:\home\localhost\www\yii-1.1.15\framework\web\CBaseController.php(126): require('Z:\home\localho...')
#3 Z:\home\localhost\www\yii-1.1.15\framework\web\CBaseController.php(95): CBaseController->renderInternal('Z:\home\localho...', Array, true)
#4 Z:\home\localhost\www\yii-1.1.15\framework\web\CController.php(869): CBaseController->renderFile('Z:\home\localho...', Array, true)
#5 Z:\home\localhost\www\cards\protected\views\card\update.php(21): CController->renderPartial('_form', Array)
#6 Z:\home\localhost\www\yii-1.1.15\framework\web\CBaseController.php(126): require('Z:\home\localho...')
#7 Z:\home\localhost\www\yii-1.1.15\framework\web\CBaseController.php(95): CBaseController->renderInternal('Z:\home\localho...', Array, true)
#8 Z:\home\localhost\www\yii-1.1.15\framework\web\CController.php(869): CBaseController->renderFile('Z:\home\localho...', Array, true)
#9 Z:\home\localhost\www\yii-1.1.15\framework\web\CController.php(782): CController->renderPartial('update', Array, true)
#10 Z:\home\localhost\www\cards\protected\controllers\CardController.php(103): CController->render('update', Array)
#11 [internal function]: CardController->actionUpdate('1')
#12 Z:\home\localhost\www\yii-1.1.15\framework\web\actions\CAction.php(108): ReflectionMethod->invokeArgs(Object(CardController), Array)
#13 Z:\home\localhost\www\yii-1.1.15\framework\web\actions\CInlineAction.php(47): CAction->runWithParamsInternal(Object(CardController), Object(ReflectionMethod), Array)
#14 Z:\home\localhost\www\yii-1.1.15\framework\web\CController.php(308): CInlineAction->runWithParams(Array)
#15 Z:\home\localhost\www\yii-1.1.15\framework\web\filters\CFilterChain.php(133): CController->runAction(Object(CInlineAction))
#16 Z:\home\localhost\www\yii-1.1.15\framework\web\filters\CFilter.php(40): CFilterChain->run()
#17 Z:\home\localhost\www\yii-1.1.15\framework\web\CController.php(1145): CFilter->filter(Object(CFilterChain))
#18 Z:\home\localhost\www\yii-1.1.15\framework\web\filters\CInlineFilter.php(58): CController->filterAccessControl(Object(CFilterChain))
#19 Z:\home\localhost\www\yii-1.1.15\framework\web\filters\CFilterChain.php(130): CInlineFilter->filter(Object(CFilterChain))
#20 Z:\home\localhost\www\yii-1.1.15\framework\web\CController.php(291): CFilterChain->run()
#21 Z:\home\localhost\www\yii-1.1.15\framework\web\CController.php(265): CController->runActionWithFilters(Object(CInlineAction), Array)
#22 Z:\home\localhost\www\yii-1.1.15\framework\web\CWebApplication.php(282): CController->run('update')
#23 Z:\home\localhost\www\yii-1.1.15\framework\web\CWebApplication.php(141): CWebApplication->runController('card/update')
#24 Z:\home\localhost\www\yii-1.1.15\framework\base\CApplication.php(180): CWebApplication->processRequest()
#25 Z:\home\localhost\www\cards\index.php(13): CApplication->run()
#26 {main}
REQUEST_URI=/cards/index.php?r=card/update&id=1
---
2014/11/02 23:26:49 [error] [php] Missing argument 3 for CActiveForm::dropDownList(), called in Z:\home\localhost\www\cards\protected\views\card\_form.php on line 73 and defined (Z:\home\localhost\www\yii-1.1.15\framework\web\widgets\CActiveForm.php:845)
Stack trace:
#0 Z:\home\localhost\www\yii-1.1.15\framework\web\CBaseController.php(95): CardController->renderInternal()
#1 Z:\home\localhost\www\yii-1.1.15\framework\web\CController.php(869): CardController->renderFile()
#2 Z:\home\localhost\www\cards\protected\views\card\update.php(21): CardController->renderPartial()
#3 Z:\home\localhost\www\yii-1.1.15\framework\web\CBaseController.php(126): require()
#4 Z:\home\localhost\www\yii-1.1.15\framework\web\CBaseController.php(95): CardController->renderInternal()
#5 Z:\home\localhost\www\yii-1.1.15\framework\web\CController.php(869): CardController->renderFile()
#6 Z:\home\localhost\www\yii-1.1.15\framework\web\CController.php(782): CardController->renderPartial()
#7 Z:\home\localhost\www\cards\protected\controllers\CardController.php(103): CardController->render()
#8 unknown(0): CardController->actionUpdate()
#9 Z:\home\localhost\www\yii-1.1.15\framework\web\actions\CAction.php(108): ReflectionMethod->invokeArgs()
#10 Z:\home\localhost\www\yii-1.1.15\framework\web\actions\CInlineAction.php(47): CInlineAction->runWithParamsInternal()
#11 Z:\home\localhost\www\yii-1.1.15\framework\web\CController.php(308): CInlineAction->runWithParams()
#12 Z:\home\localhost\www\yii-1.1.15\framework\web\filters\CFilterChain.php(133): CardController->runAction()
#13 Z:\home\localhost\www\yii-1.1.15\framework\web\filters\CFilter.php(40): CFilterChain->run()
#14 Z:\home\localhost\www\yii-1.1.15\framework\web\CController.php(1145): CAccessControlFilter->filter()
#15 Z:\home\localhost\www\yii-1.1.15\framework\web\filters\CInlineFilter.php(58): CardController->filterAccessControl()
#16 Z:\home\localhost\www\yii-1.1.15\framework\web\filters\CFilterChain.php(130): CInlineFilter->filter()
#17 Z:\home\localhost\www\yii-1.1.15\framework\web\CController.php(291): CFilterChain->run()
#18 Z:\home\localhost\www\yii-1.1.15\framework\web\CController.php(265): CardController->runActionWithFilters()
#19 Z:\home\localhost\www\yii-1.1.15\framework\web\CWebApplication.php(282): CardController->run()
#20 Z:\home\localhost\www\yii-1.1.15\framework\web\CWebApplication.php(141): CWebApplication->runController()
#21 Z:\home\localhost\www\yii-1.1.15\framework\base\CApplication.php(180): CWebApplication->processRequest()
#22 Z:\home\localhost\www\cards\index.php(13): CWebApplication->run()
REQUEST_URI=/cards/index.php?r=card/update&id=1
in Z:\home\localhost\www\cards\protected\views\card\_form.php (73)
in Z:\home\localhost\www\cards\protected\views\card\update.php (21)
in Z:\home\localhost\www\cards\protected\controllers\CardController.php (103)
